<?xml version="1.0" encoding="UTF-8"?>
<!-- Generated by org.testng.reporters.JUnitReportReporter -->
<testsuite hostname="DESKTOP-175D9K0" failures="0" tests="1" name="api.Test1" time="2.422" errors="0" timestamp="2024-03-23T20:08:24 IST" skipped="0">
  <testcase classname="api.Test1" name="restapi" time="2.422"/>
</testsuite> <!-- api.Test1 -->
